2018-01-07 12:59:50,483 [Worker-5] INFO  c.g.t.t.d.PublishedGradleVersions - Gradle version information cache is out-of-date. Trying to update.
2018-01-07 14:21:05,063 [Worker-0] INFO  c.g.t.t.d.PublishedGradleVersions - Gradle version information cache is up-to-date. Trying to read.
2018-01-08 09:21:34,926 [Worker-3] INFO  c.g.t.t.d.PublishedGradleVersions - Gradle version information cache is up-to-date. Trying to read.
2018-01-08 10:03:23,746 [main] INFO  org.eclipse.jetty.util.log - Logging initialized @2539863ms to org.eclipse.jetty.util.log.Slf4jLog
2018-01-08 10:03:23,984 [main] INFO  org.eclipse.jetty.server.Server - jetty-9.4.5.v20170502
2018-01-08 10:03:24,031 [main] INFO  org.eclipse.jetty.server.session - DefaultSessionIdManager workerName=node0
2018-01-08 10:03:24,031 [main] INFO  org.eclipse.jetty.server.session - No SessionScavenger set, using defaults
2018-01-08 10:03:24,033 [main] INFO  org.eclipse.jetty.server.session - Scavenging every 660000ms
2018-01-08 10:03:24,071 [main] INFO  o.e.j.server.handler.ContextHandler - Started o.e.j.s.ServletContextHandler@2763e9e8{/wse,null,AVAILABLE}
2018-01-08 10:03:24,094 [main] INFO  o.e.jetty.server.AbstractConnector - Started ServerConnector@79bbba75{HTTP/1.1,[http/1.1]}{0.0.0.0:57307}
2018-01-08 10:03:24,094 [main] INFO  org.eclipse.jetty.server.Server - Started @2540212ms
2018-01-08 10:03:35,166 [qtp264350151-242] WARN  o.eclipse.jetty.server.HttpChannel - /wse/uddi/actions/SelectNavigatorNodeActionJSP.jsp
org.apache.jasper.JasperException: org.eclipse.jetty.io.RuntimeIOException: org.eclipse.jetty.io.EofException
	at org.apache.jasper.servlet.JspServletWrapper.service(JspServletWrapper.java:432) ~[na:na]
	at org.apache.jasper.servlet.JspServlet.serviceJspFile(JspServlet.java:492) ~[na:na]
	at org.apache.jasper.servlet.JspServlet.service(JspServlet.java:378) ~[na:na]
	at javax.servlet.http.HttpServlet.service(HttpServlet.java:790) ~[javax.servlet_3.1.0.v201410161800.jar:3.1.0]
	at org.eclipse.equinox.jsp.jasper.JspServlet.service(JspServlet.java:155) ~[na:na]
	at javax.servlet.http.HttpServlet.service(HttpServlet.java:790) ~[javax.servlet_3.1.0.v201410161800.jar:3.1.0]
	at org.eclipse.equinox.http.registry.internal.ServletManager$ServletWrapper.service(ServletManager.java:180) ~[na:na]
	at org.eclipse.equinox.http.servlet.internal.HttpServiceRuntimeImpl$LegacyServlet.service(HttpServiceRuntimeImpl.java:1223) ~[na:na]
	at org.eclipse.equinox.http.servlet.internal.registration.EndpointRegistration.service(EndpointRegistration.java:148) ~[na:na]
	at org.eclipse.equinox.http.servlet.internal.servlet.ResponseStateHandler.processRequest(ResponseStateHandler.java:62) ~[na:na]
	at org.eclipse.equinox.http.servlet.internal.context.DispatchTargets.doDispatch(DispatchTargets.java:131) ~[na:na]
	at org.eclipse.equinox.http.servlet.internal.servlet.ProxyServlet.service(ProxyServlet.java:74) ~[na:na]
	at javax.servlet.http.HttpServlet.service(HttpServlet.java:790) ~[javax.servlet_3.1.0.v201410161800.jar:3.1.0]
	at org.eclipse.equinox.http.jetty.internal.HttpServerManager$InternalHttpServiceServlet.service(HttpServerManager.java:284) ~[na:na]
	at org.eclipse.jetty.servlet.ServletHolder.handle(ServletHolder.java:841) ~[na:na]
	at org.eclipse.jetty.servlet.ServletHandler.doHandle(ServletHandler.java:535) ~[na:na]
	at org.eclipse.jetty.server.handler.ScopedHandler.nextHandle(ScopedHandler.java:188) ~[org.eclipse.jetty.server_9.4.5.v20170502.jar:9.4.5.v20170502]
	at org.eclipse.jetty.server.session.SessionHandler.doHandle(SessionHandler.java:1595) ~[org.eclipse.jetty.server_9.4.5.v20170502.jar:9.4.5.v20170502]
	at org.eclipse.jetty.server.handler.ScopedHandler.nextHandle(ScopedHandler.java:188) ~[org.eclipse.jetty.server_9.4.5.v20170502.jar:9.4.5.v20170502]
	at org.eclipse.jetty.server.handler.ContextHandler.doHandle(ContextHandler.java:1253) ~[org.eclipse.jetty.server_9.4.5.v20170502.jar:9.4.5.v20170502]
	at org.eclipse.jetty.server.handler.ScopedHandler.nextScope(ScopedHandler.java:168) ~[org.eclipse.jetty.server_9.4.5.v20170502.jar:9.4.5.v20170502]
	at org.eclipse.jetty.servlet.ServletHandler.doScope(ServletHandler.java:473) ~[na:na]
	at org.eclipse.jetty.server.session.SessionHandler.doScope(SessionHandler.java:1564) ~[org.eclipse.jetty.server_9.4.5.v20170502.jar:9.4.5.v20170502]
	at org.eclipse.jetty.server.handler.ScopedHandler.nextScope(ScopedHandler.java:166) ~[org.eclipse.jetty.server_9.4.5.v20170502.jar:9.4.5.v20170502]
	at org.eclipse.jetty.server.handler.ContextHandler.doScope(ContextHandler.java:1155) ~[org.eclipse.jetty.server_9.4.5.v20170502.jar:9.4.5.v20170502]
	at org.eclipse.jetty.server.handler.ScopedHandler.handle(ScopedHandler.java:141) ~[org.eclipse.jetty.server_9.4.5.v20170502.jar:9.4.5.v20170502]
	at org.eclipse.jetty.server.handler.HandlerWrapper.handle(HandlerWrapper.java:132) ~[org.eclipse.jetty.server_9.4.5.v20170502.jar:9.4.5.v20170502]
	at org.eclipse.jetty.server.Server.handle(Server.java:564) ~[org.eclipse.jetty.server_9.4.5.v20170502.jar:9.4.5.v20170502]
	at org.eclipse.jetty.server.HttpChannel.handle(HttpChannel.java:317) ~[org.eclipse.jetty.server_9.4.5.v20170502.jar:9.4.5.v20170502]
	at org.eclipse.jetty.server.HttpConnection.onFillable(HttpConnection.java:251) [org.eclipse.jetty.server_9.4.5.v20170502.jar:9.4.5.v20170502]
	at org.eclipse.jetty.io.AbstractConnection$ReadCallback.succeeded(AbstractConnection.java:279) [org.eclipse.jetty.io_9.4.5.v20170502.jar:9.4.5.v20170502]
	at org.eclipse.jetty.io.FillInterest.fillable(FillInterest.java:110) [org.eclipse.jetty.io_9.4.5.v20170502.jar:9.4.5.v20170502]
	at org.eclipse.jetty.io.ChannelEndPoint$2.run(ChannelEndPoint.java:124) [org.eclipse.jetty.io_9.4.5.v20170502.jar:9.4.5.v20170502]
	at org.eclipse.jetty.util.thread.Invocable.invokePreferred(Invocable.java:128) [org.eclipse.jetty.util_9.4.5.v20170502.jar:9.4.5.v20170502]
	at org.eclipse.jetty.util.thread.Invocable$InvocableExecutor.invoke(Invocable.java:222) [org.eclipse.jetty.util_9.4.5.v20170502.jar:9.4.5.v20170502]
	at org.eclipse.jetty.util.thread.strategy.EatWhatYouKill.doProduce(EatWhatYouKill.java:294) [org.eclipse.jetty.util_9.4.5.v20170502.jar:9.4.5.v20170502]
	at org.eclipse.jetty.util.thread.strategy.EatWhatYouKill.run(EatWhatYouKill.java:199) [org.eclipse.jetty.util_9.4.5.v20170502.jar:9.4.5.v20170502]
	at org.eclipse.jetty.util.thread.QueuedThreadPool.runJob(QueuedThreadPool.java:672) [org.eclipse.jetty.util_9.4.5.v20170502.jar:9.4.5.v20170502]
	at org.eclipse.jetty.util.thread.QueuedThreadPool$2.run(QueuedThreadPool.java:590) [org.eclipse.jetty.util_9.4.5.v20170502.jar:9.4.5.v20170502]
	at java.lang.Thread.run(Thread.java:745) [na:1.8.0_05]
Caused by: org.eclipse.jetty.io.RuntimeIOException: org.eclipse.jetty.io.EofException
	at org.eclipse.jetty.server.ResponseWriter.isOpen(ResponseWriter.java:133) ~[org.eclipse.jetty.server_9.4.5.v20170502.jar:9.4.5.v20170502]
	at org.eclipse.jetty.server.ResponseWriter.write(ResponseWriter.java:202) ~[org.eclipse.jetty.server_9.4.5.v20170502.jar:9.4.5.v20170502]
	at java.io.PrintWriter.write(PrintWriter.java:426) ~[na:1.8.0_05]
	at org.eclipse.equinox.http.servlet.internal.servlet.HttpServletResponseWrapperImpl$InternalWriter.write(HttpServletResponseWrapperImpl.java:176) ~[na:na]
	at org.apache.jasper.runtime.JspWriterImpl.flushBuffer(JspWriterImpl.java:185) ~[na:na]
	at org.apache.jasper.runtime.PageContextImpl.release(PageContextImpl.java:239) ~[na:na]
	at org.apache.jasper.runtime.JspFactoryImpl.internalReleasePageContext(JspFactoryImpl.java:185) ~[na:na]
	at org.apache.jasper.runtime.JspFactoryImpl.releasePageContext(JspFactoryImpl.java:137) ~[na:na]
	at org.apache.jsp.uddi.actions.SelectNavigatorNodeActionJSP_jsp._jspService(org.apache.jsp.uddi.actions.SelectNavigatorNodeActionJSP_jsp:265) ~[na:na]
	at org.apache.jasper.runtime.HttpJspBase.service(HttpJspBase.java:111) ~[na:na]
	at javax.servlet.http.HttpServlet.service(HttpServlet.java:790) ~[javax.servlet_3.1.0.v201410161800.jar:3.1.0]
	at org.apache.jasper.servlet.JspServletWrapper.service(JspServletWrapper.java:403) ~[na:na]
	... 39 common frames omitted
Caused by: org.eclipse.jetty.io.EofException: null
	at org.eclipse.jetty.io.ChannelEndPoint.flush(ChannelEndPoint.java:292) ~[org.eclipse.jetty.io_9.4.5.v20170502.jar:9.4.5.v20170502]
	at org.eclipse.jetty.io.WriteFlusher.flush(WriteFlusher.java:429) ~[org.eclipse.jetty.io_9.4.5.v20170502.jar:9.4.5.v20170502]
	at org.eclipse.jetty.io.WriteFlusher.write(WriteFlusher.java:322) ~[org.eclipse.jetty.io_9.4.5.v20170502.jar:9.4.5.v20170502]
	at org.eclipse.jetty.io.AbstractEndPoint.write(AbstractEndPoint.java:372) ~[org.eclipse.jetty.io_9.4.5.v20170502.jar:9.4.5.v20170502]
	at org.eclipse.jetty.server.HttpConnection$SendCallback.process(HttpConnection.java:749) ~[org.eclipse.jetty.server_9.4.5.v20170502.jar:9.4.5.v20170502]
	at org.eclipse.jetty.util.IteratingCallback.processing(IteratingCallback.java:241) ~[org.eclipse.jetty.util_9.4.5.v20170502.jar:9.4.5.v20170502]
	at org.eclipse.jetty.util.IteratingCallback.iterate(IteratingCallback.java:224) ~[org.eclipse.jetty.util_9.4.5.v20170502.jar:9.4.5.v20170502]
	at org.eclipse.jetty.server.HttpConnection.send(HttpConnection.java:521) [org.eclipse.jetty.server_9.4.5.v20170502.jar:9.4.5.v20170502]
	at org.eclipse.jetty.server.HttpChannel.sendResponse(HttpChannel.java:717) ~[org.eclipse.jetty.server_9.4.5.v20170502.jar:9.4.5.v20170502]
	at org.eclipse.jetty.server.HttpChannel.write(HttpChannel.java:768) ~[org.eclipse.jetty.server_9.4.5.v20170502.jar:9.4.5.v20170502]
	at org.eclipse.jetty.server.HttpOutput.write(HttpOutput.java:234) ~[org.eclipse.jetty.server_9.4.5.v20170502.jar:9.4.5.v20170502]
	at org.eclipse.jetty.server.HttpOutput.write(HttpOutput.java:218) ~[org.eclipse.jetty.server_9.4.5.v20170502.jar:9.4.5.v20170502]
	at org.eclipse.jetty.server.HttpOutput.flush(HttpOutput.java:392) ~[org.eclipse.jetty.server_9.4.5.v20170502.jar:9.4.5.v20170502]
	at org.eclipse.jetty.server.HttpWriter.flush(HttpWriter.java:56) ~[org.eclipse.jetty.server_9.4.5.v20170502.jar:9.4.5.v20170502]
	at org.eclipse.jetty.server.ResponseWriter.flush(ResponseWriter.java:147) ~[org.eclipse.jetty.server_9.4.5.v20170502.jar:9.4.5.v20170502]
	at java.io.PrintWriter.flush(PrintWriter.java:320) ~[na:1.8.0_05]
	at org.apache.jasper.runtime.JspWriterImpl.flush(JspWriterImpl.java:242) ~[na:na]
	at java.io.PrintWriter.flush(PrintWriter.java:320) ~[na:1.8.0_05]
	at org.apache.jasper.runtime.JspWriterImpl.flush(JspWriterImpl.java:242) ~[na:na]
	at org.apache.jasper.runtime.JspRuntimeLibrary.include(JspRuntimeLibrary.java:1003) ~[na:na]
	at org.apache.jsp.uddi.scripts.uddipanes_jsp._jspService(org.apache.jsp.uddi.scripts.uddipanes_jsp:63) ~[na:na]
	at org.apache.jasper.runtime.HttpJspBase.service(HttpJspBase.java:111) ~[na:na]
	at javax.servlet.http.HttpServlet.service(HttpServlet.java:790) ~[javax.servlet_3.1.0.v201410161800.jar:3.1.0]
	at org.apache.jasper.servlet.JspServletWrapper.service(JspServletWrapper.java:403) ~[na:na]
	at org.apache.jasper.servlet.JspServlet.serviceJspFile(JspServlet.java:492) ~[na:na]
	at org.apache.jasper.servlet.JspServlet.service(JspServlet.java:378) ~[na:na]
	at javax.servlet.http.HttpServlet.service(HttpServlet.java:790) ~[javax.servlet_3.1.0.v201410161800.jar:3.1.0]
	at org.eclipse.equinox.jsp.jasper.JspServlet.service(JspServlet.java:155) ~[na:na]
	at javax.servlet.http.HttpServlet.service(HttpServlet.java:790) ~[javax.servlet_3.1.0.v201410161800.jar:3.1.0]
	at org.eclipse.equinox.http.registry.internal.ServletManager$ServletWrapper.service(ServletManager.java:180) ~[na:na]
	at org.eclipse.equinox.http.servlet.internal.HttpServiceRuntimeImpl$LegacyServlet.service(HttpServiceRuntimeImpl.java:1223) ~[na:na]
	at org.eclipse.equinox.http.servlet.internal.registration.EndpointRegistration.service(EndpointRegistration.java:148) ~[na:na]
	at org.eclipse.equinox.http.servlet.internal.servlet.ResponseStateHandler.processRequest(ResponseStateHandler.java:62) ~[na:na]
	at org.eclipse.equinox.http.servlet.internal.context.DispatchTargets.doDispatch(DispatchTargets.java:131) ~[na:na]
	at org.eclipse.equinox.http.servlet.internal.servlet.RequestDispatcherAdaptor.include(RequestDispatcherAdaptor.java:48) ~[na:na]
	at org.apache.jasper.runtime.JspRuntimeLibrary.include(JspRuntimeLibrary.java:1015) ~[na:na]
	at org.apache.jsp.uddi.actions.SelectNavigatorNodeActionJSP_jsp._jspService(org.apache.jsp.uddi.actions.SelectNavigatorNodeActionJSP_jsp:120) ~[na:na]
	... 42 common frames omitted
Caused by: java.io.IOException: 你的主机中的软件中止了一个已建立的连接。
	at sun.nio.ch.SocketDispatcher.writev0(Native Method) ~[na:1.8.0_05]
	at sun.nio.ch.SocketDispatcher.writev(SocketDispatcher.java:55) ~[na:1.8.0_05]
	at sun.nio.ch.IOUtil.write(IOUtil.java:148) ~[na:1.8.0_05]
	at sun.nio.ch.SocketChannelImpl.write(SocketChannelImpl.java:499) ~[na:1.8.0_05]
	at org.eclipse.jetty.io.ChannelEndPoint.flush(ChannelEndPoint.java:272) ~[org.eclipse.jetty.io_9.4.5.v20170502.jar:9.4.5.v20170502]
	... 78 common frames omitted
2018-01-09 15:35:08,382 [Framework stop] INFO  o.e.jetty.server.AbstractConnector - Stopped ServerConnector@79bbba75{HTTP/1.1,[http/1.1]}{0.0.0.0:0}
2018-01-09 15:35:08,399 [Framework stop] INFO  org.eclipse.jetty.server.session - Stopped scavenging
2018-01-09 15:35:08,701 [Framework stop] INFO  o.e.j.server.handler.ContextHandler - Stopped o.e.j.s.ServletContextHandler@2763e9e8{/wse,null,UNAVAILABLE}
2018-01-09 15:36:07,444 [Worker-0] INFO  c.g.t.t.d.PublishedGradleVersions - Gradle version information cache is up-to-date. Trying to read.
2018-01-09 18:48:03,280 [Worker-0] INFO  c.g.t.t.d.PublishedGradleVersions - Gradle version information cache is up-to-date. Trying to read.
2018-01-12 10:34:48,383 [Worker-4] INFO  c.g.t.t.d.PublishedGradleVersions - Gradle version information cache is out-of-date. Trying to update.
2018-01-23 20:41:59,066 [Worker-5] INFO  c.g.t.t.d.PublishedGradleVersions - Gradle version information cache is up-to-date. Trying to read.
2018-01-26 21:01:59,354 [Worker-6] INFO  c.g.t.t.d.PublishedGradleVersions - Gradle version information cache is out-of-date. Trying to update.
2018-01-26 21:02:10,357 [Worker-6] INFO  c.g.t.t.d.PublishedGradleVersions - Updating Gradle version information cache failed. Using outdated cache.
2018-02-07 13:39:53,262 [Worker-3] INFO  c.g.t.t.d.PublishedGradleVersions - Gradle version information cache is up-to-date. Trying to read.
